  test.cpp
C:\Users\duffa\OneDrive\Počítač\fei\openGL\BP\Fyzikalny-simulator-zrazky\src\test.cpp(238,22): warning C4018: '<': signed/unsigned mismatch
C:\Users\duffa\OneDrive\Počítač\fei\openGL\BP\Fyzikalny-simulator-zrazky\src\test.cpp(240,32): warning C4244: '=': conversion from 'double' to 'float', possible loss of data
C:\Users\duffa\OneDrive\Počítač\fei\openGL\BP\Fyzikalny-simulator-zrazky\src\test.cpp(241,32): warning C4244: '=': conversion from 'double' to 'float', possible loss of data
C:\Users\duffa\OneDrive\Počítač\fei\openGL\BP\Fyzikalny-simulator-zrazky\src\test.cpp(242,29): warning C4244: '=': conversion from 'double' to 'float', possible loss of data
C:\Users\duffa\OneDrive\Počítač\fei\openGL\BP\Fyzikalny-simulator-zrazky\src\test.cpp(248,43): warning C4244: '=': conversion from 'double' to 'float', possible loss of data
C:\Users\duffa\OneDrive\Počítač\fei\openGL\BP\Fyzikalny-simulator-zrazky\src\test.cpp(251,70): warning C4244: '=': conversion from 'double' to 'float', possible loss of data
C:\Users\duffa\OneDrive\Počítač\fei\openGL\BP\Fyzikalny-simulator-zrazky\src\test.cpp(262,43): warning C4244: '=': conversion from 'double' to 'float', possible loss of data
C:\Users\duffa\OneDrive\Počítač\fei\openGL\BP\Fyzikalny-simulator-zrazky\src\test.cpp(265,56): warning C4244: '=': conversion from 'double' to 'float', possible loss of data
C:\Users\duffa\OneDrive\Počítač\fei\openGL\BP\Fyzikalny-simulator-zrazky\src\test.cpp(276,43): warning C4244: '=': conversion from 'double' to 'float', possible loss of data
C:\Users\duffa\OneDrive\Počítač\fei\openGL\BP\Fyzikalny-simulator-zrazky\src\test.cpp(279,73): warning C4244: '=': conversion from 'double' to 'float', possible loss of data
C:\Users\duffa\OneDrive\Počítač\fei\openGL\BP\Fyzikalny-simulator-zrazky\src\test.cpp(290,43): warning C4244: '=': conversion from 'double' to 'float', possible loss of data
C:\Users\duffa\OneDrive\Počítač\fei\openGL\BP\Fyzikalny-simulator-zrazky\src\test.cpp(293,58): warning C4244: '=': conversion from 'double' to 'float', possible loss of data
C:\Users\duffa\OneDrive\Počítač\fei\openGL\BP\Fyzikalny-simulator-zrazky\src\test.cpp(314,32): warning C4244: '=': conversion from 'double' to 'float', possible loss of data
C:\Users\duffa\OneDrive\Počítač\fei\openGL\BP\Fyzikalny-simulator-zrazky\src\test.cpp(315,32): warning C4244: '=': conversion from 'double' to 'float', possible loss of data
C:\Users\duffa\OneDrive\Počítač\fei\openGL\BP\Fyzikalny-simulator-zrazky\src\test.cpp(317,33): warning C4244: '=': conversion from 'double' to 'float', possible loss of data
C:\Users\duffa\OneDrive\Počítač\fei\openGL\BP\Fyzikalny-simulator-zrazky\src\test.cpp(318,33): warning C4244: '=': conversion from 'double' to 'float', possible loss of data
C:\Users\duffa\OneDrive\Počítač\fei\openGL\BP\Fyzikalny-simulator-zrazky\src\test.cpp(328,105): warning C4244: '+=': conversion from 'double' to 'float', possible loss of data
C:\Users\duffa\OneDrive\Počítač\fei\openGL\BP\Fyzikalny-simulator-zrazky\src\test.cpp(329,105): warning C4244: '-=': conversion from 'double' to 'float', possible loss of data
C:\Users\duffa\OneDrive\Počítač\fei\openGL\BP\Fyzikalny-simulator-zrazky\src\test.cpp(331,105): warning C4244: '+=': conversion from 'double' to 'float', possible loss of data
C:\Users\duffa\OneDrive\Počítač\fei\openGL\BP\Fyzikalny-simulator-zrazky\src\test.cpp(332,105): warning C4244: '-=': conversion from 'double' to 'float', possible loss of data
C:\Users\duffa\OneDrive\Počítač\fei\openGL\BP\Fyzikalny-simulator-zrazky\src\test.cpp(334,32): warning C4244: '=': conversion from 'double' to 'float', possible loss of data
C:\Users\duffa\OneDrive\Počítač\fei\openGL\BP\Fyzikalny-simulator-zrazky\src\test.cpp(335,32): warning C4244: '=': conversion from 'double' to 'float', possible loss of data
C:\Users\duffa\OneDrive\Počítač\fei\openGL\BP\Fyzikalny-simulator-zrazky\src\test.cpp(337,33): warning C4244: '=': conversion from 'double' to 'float', possible loss of data
C:\Users\duffa\OneDrive\Počítač\fei\openGL\BP\Fyzikalny-simulator-zrazky\src\test.cpp(338,33): warning C4244: '=': conversion from 'double' to 'float', possible loss of data
C:\Users\duffa\OneDrive\Počítač\fei\openGL\BP\Fyzikalny-simulator-zrazky\src\test.cpp(341,62): warning C4244: '+=': conversion from 'double' to 'float', possible loss of data
C:\Users\duffa\OneDrive\Počítač\fei\openGL\BP\Fyzikalny-simulator-zrazky\src\test.cpp(342,62): warning C4244: '+=': conversion from 'double' to 'float', possible loss of data
C:\Users\duffa\OneDrive\Počítač\fei\openGL\BP\Fyzikalny-simulator-zrazky\src\test.cpp(343,62): warning C4244: '+=': conversion from 'double' to 'float', possible loss of data
C:\Users\duffa\OneDrive\Počítač\fei\openGL\BP\Fyzikalny-simulator-zrazky\src\test.cpp(344,62): warning C4244: '+=': conversion from 'double' to 'float', possible loss of data
C:\Users\duffa\OneDrive\Počítač\fei\openGL\BP\Fyzikalny-simulator-zrazky\src\test.cpp(348,22): warning C4018: '<': signed/unsigned mismatch
C:\Users\duffa\OneDrive\Počítač\fei\openGL\BP\Fyzikalny-simulator-zrazky\src\test.cpp(92,36): warning C4101: 'dot_product': unreferenced local variable
C:\Users\duffa\OneDrive\Počítač\fei\openGL\BP\Fyzikalny-simulator-zrazky\src\test.cpp(92,83): warning C4101: 'v12_length': unreferenced local variable
C:\Users\duffa\OneDrive\Počítač\fei\openGL\BP\Fyzikalny-simulator-zrazky\src\test.cpp(92,49): warning C4101: 'r12_length': unreferenced local variable
C:\Users\duffa\OneDrive\Počítač\fei\openGL\BP\Fyzikalny-simulator-zrazky\src\test.cpp(92,72): warning C4101: 'sin_theta': unreferenced local variable
C:\Users\duffa\OneDrive\Počítač\fei\openGL\BP\Fyzikalny-simulator-zrazky\src\test.cpp(92,61): warning C4101: 'cos_theta': unreferenced local variable
  Fyzikalny-simulator-zrazky.vcxproj -> C:\Users\duffa\OneDrive\Počítač\fei\openGL\BP\Fyzikalny-simulator-zrazky\Debug\Fyzikalny-simulator-zrazky.exe
