  test.cpp
C:\Users\duffa\OneDrive\Počítač\fei\openGL\BP\Fyzikalny-simulator-zrazky\src\test.cpp(210,22): warning C4018: '<': signed/unsigned mismatch
C:\Users\duffa\OneDrive\Počítač\fei\openGL\BP\Fyzikalny-simulator-zrazky\src\test.cpp(212,32): warning C4244: '=': conversion from 'double' to 'float', possible loss of data
C:\Users\duffa\OneDrive\Počítač\fei\openGL\BP\Fyzikalny-simulator-zrazky\src\test.cpp(213,32): warning C4244: '=': conversion from 'double' to 'float', possible loss of data
C:\Users\duffa\OneDrive\Počítač\fei\openGL\BP\Fyzikalny-simulator-zrazky\src\test.cpp(221,70): warning C4244: '=': conversion from 'double' to 'float', possible loss of data
C:\Users\duffa\OneDrive\Počítač\fei\openGL\BP\Fyzikalny-simulator-zrazky\src\test.cpp(234,56): warning C4244: '=': conversion from 'double' to 'float', possible loss of data
C:\Users\duffa\OneDrive\Počítač\fei\openGL\BP\Fyzikalny-simulator-zrazky\src\test.cpp(247,73): warning C4244: '=': conversion from 'double' to 'float', possible loss of data
C:\Users\duffa\OneDrive\Počítač\fei\openGL\BP\Fyzikalny-simulator-zrazky\src\test.cpp(260,59): warning C4244: '=': conversion from 'double' to 'float', possible loss of data
C:\Users\duffa\OneDrive\Počítač\fei\openGL\BP\Fyzikalny-simulator-zrazky\src\test.cpp(280,33): warning C4244: '=': conversion from 'double' to 'float', possible loss of data
C:\Users\duffa\OneDrive\Počítač\fei\openGL\BP\Fyzikalny-simulator-zrazky\src\test.cpp(281,33): warning C4244: '=': conversion from 'double' to 'float', possible loss of data
C:\Users\duffa\OneDrive\Počítač\fei\openGL\BP\Fyzikalny-simulator-zrazky\src\test.cpp(283,34): warning C4244: '=': conversion from 'double' to 'float', possible loss of data
C:\Users\duffa\OneDrive\Počítač\fei\openGL\BP\Fyzikalny-simulator-zrazky\src\test.cpp(284,34): warning C4244: '=': conversion from 'double' to 'float', possible loss of data
C:\Users\duffa\OneDrive\Počítač\fei\openGL\BP\Fyzikalny-simulator-zrazky\src\test.cpp(294,34): warning C4244: '=': conversion from 'double' to 'float', possible loss of data
C:\Users\duffa\OneDrive\Počítač\fei\openGL\BP\Fyzikalny-simulator-zrazky\src\test.cpp(295,34): warning C4244: '=': conversion from 'double' to 'float', possible loss of data
C:\Users\duffa\OneDrive\Počítač\fei\openGL\BP\Fyzikalny-simulator-zrazky\src\test.cpp(297,35): warning C4244: '=': conversion from 'double' to 'float', possible loss of data
C:\Users\duffa\OneDrive\Počítač\fei\openGL\BP\Fyzikalny-simulator-zrazky\src\test.cpp(298,35): warning C4244: '=': conversion from 'double' to 'float', possible loss of data
C:\Users\duffa\OneDrive\Počítač\fei\openGL\BP\Fyzikalny-simulator-zrazky\src\test.cpp(302,107): warning C4244: '+=': conversion from 'double' to 'float', possible loss of data
C:\Users\duffa\OneDrive\Počítač\fei\openGL\BP\Fyzikalny-simulator-zrazky\src\test.cpp(303,107): warning C4244: '-=': conversion from 'double' to 'float', possible loss of data
C:\Users\duffa\OneDrive\Počítač\fei\openGL\BP\Fyzikalny-simulator-zrazky\src\test.cpp(305,107): warning C4244: '+=': conversion from 'double' to 'float', possible loss of data
C:\Users\duffa\OneDrive\Počítač\fei\openGL\BP\Fyzikalny-simulator-zrazky\src\test.cpp(306,107): warning C4244: '-=': conversion from 'double' to 'float', possible loss of data
C:\Users\duffa\OneDrive\Počítač\fei\openGL\BP\Fyzikalny-simulator-zrazky\src\test.cpp(308,34): warning C4244: '=': conversion from 'double' to 'float', possible loss of data
C:\Users\duffa\OneDrive\Počítač\fei\openGL\BP\Fyzikalny-simulator-zrazky\src\test.cpp(309,34): warning C4244: '=': conversion from 'double' to 'float', possible loss of data
C:\Users\duffa\OneDrive\Počítač\fei\openGL\BP\Fyzikalny-simulator-zrazky\src\test.cpp(311,35): warning C4244: '=': conversion from 'double' to 'float', possible loss of data
C:\Users\duffa\OneDrive\Počítač\fei\openGL\BP\Fyzikalny-simulator-zrazky\src\test.cpp(312,35): warning C4244: '=': conversion from 'double' to 'float', possible loss of data
C:\Users\duffa\OneDrive\Počítač\fei\openGL\BP\Fyzikalny-simulator-zrazky\src\test.cpp(315,64): warning C4244: '+=': conversion from 'double' to 'float', possible loss of data
C:\Users\duffa\OneDrive\Počítač\fei\openGL\BP\Fyzikalny-simulator-zrazky\src\test.cpp(316,64): warning C4244: '+=': conversion from 'double' to 'float', possible loss of data
C:\Users\duffa\OneDrive\Počítač\fei\openGL\BP\Fyzikalny-simulator-zrazky\src\test.cpp(89,36): warning C4101: 'dot_product': unreferenced local variable
C:\Users\duffa\OneDrive\Počítač\fei\openGL\BP\Fyzikalny-simulator-zrazky\src\test.cpp(89,83): warning C4101: 'v12_length': unreferenced local variable
C:\Users\duffa\OneDrive\Počítač\fei\openGL\BP\Fyzikalny-simulator-zrazky\src\test.cpp(89,49): warning C4101: 'r12_length': unreferenced local variable
C:\Users\duffa\OneDrive\Počítač\fei\openGL\BP\Fyzikalny-simulator-zrazky\src\test.cpp(89,72): warning C4101: 'sin_theta': unreferenced local variable
C:\Users\duffa\OneDrive\Počítač\fei\openGL\BP\Fyzikalny-simulator-zrazky\src\test.cpp(89,61): warning C4101: 'cos_theta': unreferenced local variable
LINK : warning LNK4098: defaultlib 'LIBCMT' conflicts with use of other libs; use /NODEFAULTLIB:library
  Generating code
  2 of 366 functions ( 0.5%) were compiled, the rest were copied from previous compilation.
    0 functions were new in current compilation
    0 functions had inline decision re-evaluated but remain unchanged
  Finished generating code
glew32s.lib(glew.obj) : warning LNK4099: PDB 'vc120.pdb' was not found with 'glew32s.lib(glew.obj)' or at 'C:\Users\duffa\OneDrive\Počítač\fei\openGL\BP\Fyzikalny-simulator-zrazky\Release\vc120.pdb'; linking object as if no debug info
  Fyzikalny-simulator-zrazky.vcxproj -> C:\Users\duffa\OneDrive\Počítač\fei\openGL\BP\Fyzikalny-simulator-zrazky\Release\Fyzikalny-simulator-zrazky.exe
